#
# A fatal error has been detected by the Java Runtime Environment:
#
#  SIGSEGV (0xb) at pc=0x000000010ab0a168, pid=1221, tid=7427
#
# JRE version: Java(TM) SE Runtime Environment (15.0.2+7) (build 15.0.2+7-27)
# Java VM: Java HotSpot(TM) 64-Bit Server VM (15.0.2+7-27, mixed mode, sharing, tiered, compressed oops, g1 gc, bsd-amd64)
# Problematic frame:
# C  [libjimage.dylib+0x3168]  ImageFileReader::verify_location(ImageLocation&, char const*) const+0x28
#
# No core dump will be written. Core dumps have been disabled. To enable core dumping, try "ulimit -c unlimited" before starting Java again
#
# If you would like to submit a bug report, please visit:
#   https://bugreport.java.com/bugreport/crash.jsp
#

---------------  S U M M A R Y ------------

Command Line: -XX:+ShowCodeDetailsInExceptionMessages -agentlib:jdwp=transport=dt_socket,suspend=y,address=localhost:49758 -javaagent:/Users/joshalicia/Desktop/Eclipse.app/Contents/Eclipse/configuration/org.eclipse.osgi/1337/0/.cp/lib/javaagent-shaded.jar -Dfile.encoding=UTF-8 OneLookPhonebook.MainDirectory

Host: MacBookPro17,1 x86_64 2400 MHz, 8 cores, 8G, Darwin 20.5.0
Time: Fri Jun 18 12:42:24 2021 CDT elapsed time: 6412.660655 seconds (0d 1h 46m 52s)

---------------  T H R E A D  ---------------

Current thread (0x00007f9e6d009400):  JavaThread "main" [_thread_in_vm, id=7427, stack(0x000000030919a000,0x000000030929a000)]

Stack: [0x000000030919a000,0x000000030929a000],  sp=0x0000000309298210,  free space=1016k
Native frames: (J=compiled Java code, A=aot compiled Java code, j=interpreted, Vv=VM code, C=native code)
C  [libjimage.dylib+0x3168]  ImageFileReader::verify_location(ImageLocation&, char const*) const+0x28
C  [libjimage.dylib+0x34ac]  ImageFileReader::find_location_index(char const*, unsigned long long*) const+0x20c
C  [libjimage.dylib+0x37a0]  JIMAGE_FindResource+0xd0
V